<?xml version="1.0" encoding="UTF-8"?>
<!-- Generated by org.testng.reporters.JUnitXMLReporter -->
<testsuite hostname="Lab-637618565692112620-1" ignored="0" name="Test" tests="15" failures="1" timestamp="2021-09-24T23:12:48 IST" time="262.395" errors="0">
  <testcase name="TCase1" time="13.668" classname="CS.CS1Hybrid.HomePage"/>
  <testcase name="TCase10" time="22.928" classname="CS.CS1Hybrid.HomePage"/>
  <testcase name="TCase11" time="9.92" classname="CS.CS1Hybrid.HomePage"/>
  <testcase name="TCase12" time="13.818" classname="CS.CS1Hybrid.HomePage"/>
  <testcase name="TCase13" time="11.824" classname="CS.CS1Hybrid.HomePage"/>
  <testcase name="TCase14" time="18.843" classname="CS.CS1Hybrid.HomePage"/>
  <testcase name="TCase15" time="11.682" classname="CS.CS1Hybrid.HomePage"/>
  <testcase name="TCase2" time="6.205" classname="CS.CS1Hybrid.HomePage"/>
  <testcase name="TCase3" time="8.316" classname="CS.CS1Hybrid.HomePage"/>
  <testcase name="TCase4" time="18.206" classname="CS.CS1Hybrid.HomePage">
    <failure type="org.openqa.selenium.ElementNotInteractableException" message="element not interactable
  (Session info: chrome=93.0.4577.82)
Build info: version: &amp;apos;3.141.59&amp;apos;, revision: &amp;apos;e82be7d358&amp;apos;, time: &amp;apos;2018-11-14T08:17:03&amp;apos;
System info: host: &amp;apos;LAB-63761856569&amp;apos;, ip: &amp;apos;172.18.23.243&amp;apos;, os.name: &amp;apos;Windows 10&amp;apos;, os.arch: &amp;apos;amd64&amp;apos;, os.version: &amp;apos;10.0&amp;apos;, java.version: &amp;apos;1.8.0_201&amp;apos;
Driver info: org.openqa.selenium.chrome.ChromeDriver
Capabilities {acceptInsecureCerts: false, browserName: chrome, browserVersion: 93.0.4577.82, chrome: {chromedriverVersion: 92.0.4515.107 (87a818b10553..., userDataDir: C:\Users\User\AppData\Local...}, goog:chromeOptions: {debuggerAddress: localhost:55627}, javascriptEnabled: true, networkConnectionEnabled: false, pageLoadStrategy: normal, platform: WINDOWS, platformName: WINDOWS, proxy: Proxy(), setWindowRect: true, strictFileInteractability: false, timeouts: {implicit: 0, pageLoad: 300000, script: 30000}, unhandledPromptBehavior: dismiss and notify, webauthn:extension:credBlob: true, webauthn:extension:largeBlob: true, webauthn:virtualAuthenticators: true}
Session ID: e2a519df1b2b57028183f3858bc05d16">
      <![CDATA[org.openqa.selenium.ElementNotInteractableException: element not interactable
  (Session info: chrome=93.0.4577.82)
Build info: version: '3.141.59', revision: 'e82be7d358', time: '2018-11-14T08:17:03'
System info: host: 'LAB-63761856569', ip: '172.18.23.243', os.name: 'Windows 10', os.arch: 'amd64', os.version: '10.0', java.version: '1.8.0_201'
Driver info: org.openqa.selenium.chrome.ChromeDriver
Capabilities {acceptInsecureCerts: false, browserName: chrome, browserVersion: 93.0.4577.82, chrome: {chromedriverVersion: 92.0.4515.107 (87a818b10553..., userDataDir: C:\Users\User\AppData\Local...}, goog:chromeOptions: {debuggerAddress: localhost:55627}, javascriptEnabled: true, networkConnectionEnabled: false, pageLoadStrategy: normal, platform: WINDOWS, platformName: WINDOWS, proxy: Proxy(), setWindowRect: true, strictFileInteractability: false, timeouts: {implicit: 0, pageLoad: 300000, script: 30000}, unhandledPromptBehavior: dismiss and notify, webauthn:extension:credBlob: true, webauthn:extension:largeBlob: true, webauthn:virtualAuthenticators: true}
Session ID: e2a519df1b2b57028183f3858bc05d16
at org.openqa.selenium.remote.http.W3CHttpResponseCodec.createException(W3CHttpResponseCodec.java:187)
at org.openqa.selenium.remote.http.W3CHttpResponseCodec.decode(W3CHttpResponseCodec.java:122)
at org.openqa.selenium.remote.http.W3CHttpResponseCodec.decode(W3CHttpResponseCodec.java:49)
at org.openqa.selenium.remote.HttpCommandExecutor.execute(HttpCommandExecutor.java:158)
at org.openqa.selenium.remote.service.DriverCommandExecutor.execute(DriverCommandExecutor.java:83)
at org.openqa.selenium.remote.RemoteWebDriver.execute(RemoteWebDriver.java:552)
at org.openqa.selenium.remote.RemoteWebElement.execute(RemoteWebElement.java:285)
at org.openqa.selenium.remote.RemoteWebElement.click(RemoteWebElement.java:84)
at CS.CS1Hybrid.HomePage.TCase4(HomePage.java:112)
at java.util.ArrayList.forEach(ArrayList.java:1257)
... Removed 31 stack frames]]>
    </failure>
  </testcase> <!-- TCase4 -->
  <testcase name="TCase5" time="4.363" classname="CS.CS1Hybrid.HomePage"/>
  <testcase name="TCase6" time="6.123" classname="CS.CS1Hybrid.HomePage"/>
  <testcase name="TCase7" time="8.051" classname="CS.CS1Hybrid.HomePage"/>
  <testcase name="TCase8" time="13.976" classname="CS.CS1Hybrid.HomePage"/>
  <testcase name="TCase9" time="12.991" classname="CS.CS1Hybrid.HomePage"/>
</testsuite> <!-- Test -->
